[debug] [2020-09-15T17:06:42.422Z] ----------------------------------------------------------------------
[debug] [2020-09-15T17:06:42.424Z] Command:       /usr/local/bin/node /usr/local/bin/firebase serve
[debug] [2020-09-15T17:06:42.424Z] CLI Version:   8.10.0
[debug] [2020-09-15T17:06:42.424Z] Platform:      darwin
[debug] [2020-09-15T17:06:42.424Z] Node Version:  v12.18.3
[debug] [2020-09-15T17:06:42.425Z] Time:          Tue Sep 15 2020 20:06:42 GMT+0300 (Eastern European Summer Time)
[debug] [2020-09-15T17:06:42.425Z] ----------------------------------------------------------------------
[debug] [2020-09-15T17:06:42.425Z] 
[debug] [2020-09-15T17:06:42.432Z] > command requires scopes: ["email","openid","https://www.googleapis.com/auth/cloudplatformprojects.readonly","https://www.googleapis.com/auth/firebase","https://www.googleapis.com/auth/cloud-platform"]
[debug] [2020-09-15T17:06:42.432Z] > authorizing via signed-in user
[debug] [2020-09-15T17:06:42.433Z] [iam] checking project whatsapp-clone-bd456 for permissions ["firebase.projects.get"]
[debug] [2020-09-15T17:06:42.435Z] >>> HTTP REQUEST POST https://cloudresourcemanager.googleapis.com/v1/projects/whatsapp-clone-bd456:testIamPermissions  
 {"permissions":["firebase.projects.get"]}
[debug] [2020-09-15T17:06:43.250Z] <<< HTTP RESPONSE 200 {"content-type":"application/json; charset=UTF-8","vary":"X-Origin, Referer, Origin,Accept-Encoding","date":"Tue, 15 Sep 2020 17:06:43 GMT","server":"ESF","cache-control":"private","x-xss-protection":"0","x-frame-options":"SAMEORIGIN","x-content-type-options":"nosniff","server-timing":"gfet4t7; dur=740","alt-svc":"h3-29=\":443\"; ma=2592000,h3-27=\":443\"; ma=2592000,h3-T051=\":443\"; ma=2592000,h3-T050=\":443\"; ma=2592000,h3-Q050=\":443\"; ma=2592000,h3-Q046=\":443\"; ma=2592000,h3-Q043=\":443\"; ma=2592000,quic=\":443\"; ma=2592000; v=\"46,43\"","accept-ranges":"none","transfer-encoding":"chunked"}
[debug] [2020-09-15T17:06:43.251Z] >>> HTTP REQUEST GET https://firebase.googleapis.com/v1beta1/projects/whatsapp-clone-bd456  
 
[debug] [2020-09-15T17:06:43.488Z] <<< HTTP RESPONSE 200 {"content-type":"application/json; charset=UTF-8","vary":"X-Origin, Referer, Origin,Accept-Encoding","date":"Tue, 15 Sep 2020 17:06:43 GMT","server":"ESF","cache-control":"private","x-xss-protection":"0","x-frame-options":"SAMEORIGIN","x-content-type-options":"nosniff","alt-svc":"h3-29=\":443\"; ma=2592000,h3-27=\":443\"; ma=2592000,h3-T051=\":443\"; ma=2592000,h3-T050=\":443\"; ma=2592000,h3-Q050=\":443\"; ma=2592000,h3-Q046=\":443\"; ma=2592000,h3-Q043=\":443\"; ma=2592000,quic=\":443\"; ma=2592000; v=\"46,43\"","accept-ranges":"none","transfer-encoding":"chunked"}
[info] 
[info] === Serving from '/Users/fathindosunmu/OneDrive/MyProjects/GitHubProjects/WhastAppClone/whatsapp-clone'...
[info] 
[debug] [2020-09-15T17:06:43.490Z] >>> HTTP REQUEST GET https://firebase.googleapis.com/v1beta1/projects/whatsapp-clone-bd456/webApps/-/config  
 
[debug] [2020-09-15T17:06:44.939Z] <<< HTTP RESPONSE 200 {"content-type":"application/json; charset=UTF-8","vary":"X-Origin, Referer, Origin,Accept-Encoding","date":"Tue, 15 Sep 2020 17:06:44 GMT","server":"ESF","cache-control":"private","x-xss-protection":"0","x-frame-options":"SAMEORIGIN","x-content-type-options":"nosniff","alt-svc":"h3-29=\":443\"; ma=2592000,h3-27=\":443\"; ma=2592000,h3-T051=\":443\"; ma=2592000,h3-T050=\":443\"; ma=2592000,h3-Q050=\":443\"; ma=2592000,h3-Q046=\":443\"; ma=2592000,h3-Q043=\":443\"; ma=2592000,quic=\":443\"; ma=2592000; v=\"46,43\"","accept-ranges":"none","transfer-encoding":"chunked"}
[info] i  hosting: Serving hosting files from: build {"metadata":{"emulator":{"name":"hosting"},"message":"Serving hosting files from: \u001b[1mbuild\u001b[22m"}}
[info] ✔  hosting: Local server: http://localhost:5000 {"metadata":{"emulator":{"name":"hosting"},"message":"Local server: \u001b[4m\u001b[1mhttp://localhost:5000\u001b[22m\u001b[24m"}}
[info] i  hosting: 127.0.0.1 - - [15/Sep/2020:17:06:49 +0000] "GET / HTTP/1.1" 200 4002 "-" "Mozilla/5.0 (Macintosh; Intel Mac OS X 10_15_6) AppleWebKit/537.36 (KHTML, like Gecko) Chrome/85.0.4183.102 Safari/537.36" {"metadata":{"emulator":{"name":"hosting"},"message":"127.0.0.1 - - [15/Sep/2020:17:06:49 +0000] \"GET / HTTP/1.1\" 200 4002 \"-\" \"Mozilla/5.0 (Macintosh; Intel Mac OS X 10_15_6) AppleWebKit/537.36 (KHTML, like Gecko) Chrome/85.0.4183.102 Safari/537.36\""}}
[info] i  hosting: 127.0.0.1 - - [15/Sep/2020:17:06:49 +0000] "GET /favicon.ico HTTP/1.1" 200 3150 "http://localhost:5000/" "Mozilla/5.0 (Macintosh; Intel Mac OS X 10_15_6) AppleWebKit/537.36 (KHTML, like Gecko) Chrome/85.0.4183.102 Safari/537.36" {"metadata":{"emulator":{"name":"hosting"},"message":"127.0.0.1 - - [15/Sep/2020:17:06:49 +0000] \"GET /favicon.ico HTTP/1.1\" 200 3150 \"http://localhost:5000/\" \"Mozilla/5.0 (Macintosh; Intel Mac OS X 10_15_6) AppleWebKit/537.36 (KHTML, like Gecko) Chrome/85.0.4183.102 Safari/537.36\""}}
